<?xml version="1.0" encoding="utf-8"?>
<testsuites>
<testsuite package="org.eslint" time="0" tests="1" errors="0" name="C:\MORE AI STUFF\HydroRIVERS Image Generator\frontend\eslint.config.mjs">
<testcase time="0" name="C:\MORE AI STUFF\HydroRIVERS Image Generator\frontend\eslint.config.mjs" classname="C:\MORE AI STUFF\HydroRIVERS Image Generator\frontend\eslint.config" />
</testsuite>
<testsuite package="org.eslint" time="0" tests="1" errors="0" name="C:\MORE AI STUFF\HydroRIVERS Image Generator\frontend\next.config.ts">
<testcase time="0" name="C:\MORE AI STUFF\HydroRIVERS Image Generator\frontend\next.config.ts" classname="C:\MORE AI STUFF\HydroRIVERS Image Generator\frontend\next.config" />
</testsuite>
<testsuite package="org.eslint" time="0" tests="1" errors="0" name="C:\MORE AI STUFF\HydroRIVERS Image Generator\frontend\postcss.config.mjs">
<testcase time="0" name="C:\MORE AI STUFF\HydroRIVERS Image Generator\frontend\postcss.config.mjs" classname="C:\MORE AI STUFF\HydroRIVERS Image Generator\frontend\postcss.config" />
</testsuite>
<testsuite package="org.eslint" time="0" tests="6" errors="6" name="C:\MORE AI STUFF\HydroRIVERS Image Generator\frontend\src\app\about\page.tsx">
<testcase time="0" name="org.eslint.react-hooks/set-state-in-effect" classname="C:\MORE AI STUFF\HydroRIVERS Image Generator\frontend\src\app\about\page"><failure message="Error: Calling setState synchronously within an effect can trigger cascading renders&#10;&#10;Effects are intended to synchronize state between React and external systems such as manually updating the DOM, state management libraries, or other platform APIs. In general, the body of an effect should do one or both of the following:&#10;* Update external systems with the latest state from React.&#10;* Subscribe for updates from some external system, calling setState in a callback function when external state changes.&#10;&#10;Calling setState synchronously within an effect body causes cascading renders that can hurt performance, and is not recommended. (https://react.dev/learn/you-might-not-need-an-effect).&#10;&#10;C:\MORE AI STUFF\HydroRIVERS Image Generator\frontend\src\app\about\page.tsx:10:5&#10;   8 |&#10;   9 |   useEffect(() =&gt; {&#10;&gt; 10 |     setMounted(true);&#10;     |     ^^^^^^^^^^ Avoid calling setState() directly within an effect&#10;  11 |   }, []);&#10;  12 |&#10;  13 |   if (!mounted) return null;"><![CDATA[line 10, col 5, Error - Error: Calling setState synchronously within an effect can trigger cascading renders&#10;&#10;Effects are intended to synchronize state between React and external systems such as manually updating the DOM, state management libraries, or other platform APIs. In general, the body of an effect should do one or both of the following:&#10;* Update external systems with the latest state from React.&#10;* Subscribe for updates from some external system, calling setState in a callback function when external state changes.&#10;&#10;Calling setState synchronously within an effect body causes cascading renders that can hurt performance, and is not recommended. (https://react.dev/learn/you-might-not-need-an-effect).&#10;&#10;C:\MORE AI STUFF\HydroRIVERS Image Generator\frontend\src\app\about\page.tsx:10:5&#10;   8 |&#10;   9 |   useEffect(() =&gt; {&#10;&gt; 10 |     setMounted(true);&#10;     |     ^^^^^^^^^^ Avoid calling setState() directly within an effect&#10;  11 |   }, []);&#10;  12 |&#10;  13 |   if (!mounted) return null; (react-hooks/set-state-in-effect)]]></failure></testcase>
<testcase time="0" name="org.eslint.react/no-unescaped-entities" classname="C:\MORE AI STUFF\HydroRIVERS Image Generator\frontend\src\app\about\page"><failure message="`&apos;` can be escaped with `&amp;apos;`, `&amp;lsquo;`, `&amp;#39;`, `&amp;rsquo;`."><![CDATA[line 60, col 23, Error - `&apos;` can be escaped with `&amp;apos;`, `&amp;lsquo;`, `&amp;#39;`, `&amp;rsquo;`. (react/no-unescaped-entities)]]></failure></testcase>
<testcase time="0" name="org.eslint.react/no-unescaped-entities" classname="C:\MORE AI STUFF\HydroRIVERS Image Generator\frontend\src\app\about\page"><failure message="`&apos;` can be escaped with `&amp;apos;`, `&amp;lsquo;`, `&amp;#39;`, `&amp;rsquo;`."><![CDATA[line 60, col 48, Error - `&apos;` can be escaped with `&amp;apos;`, `&amp;lsquo;`, `&amp;#39;`, `&amp;rsquo;`. (react/no-unescaped-entities)]]></failure></testcase>
<testcase time="0" name="org.eslint.react/no-unescaped-entities" classname="C:\MORE AI STUFF\HydroRIVERS Image Generator\frontend\src\app\about\page"><failure message="`&apos;` can be escaped with `&amp;apos;`, `&amp;lsquo;`, `&amp;#39;`, `&amp;rsquo;`."><![CDATA[line 94, col 58, Error - `&apos;` can be escaped with `&amp;apos;`, `&amp;lsquo;`, `&amp;#39;`, `&amp;rsquo;`. (react/no-unescaped-entities)]]></failure></testcase>
<testcase time="0" name="org.eslint.react/no-unescaped-entities" classname="C:\MORE AI STUFF\HydroRIVERS Image Generator\frontend\src\app\about\page"><failure message="`&quot;` can be escaped with `&amp;quot;`, `&amp;ldquo;`, `&amp;#34;`, `&amp;rdquo;`."><![CDATA[line 123, col 27, Error - `&quot;` can be escaped with `&amp;quot;`, `&amp;ldquo;`, `&amp;#34;`, `&amp;rdquo;`. (react/no-unescaped-entities)]]></failure></testcase>
<testcase time="0" name="org.eslint.react/no-unescaped-entities" classname="C:\MORE AI STUFF\HydroRIVERS Image Generator\frontend\src\app\about\page"><failure message="`&quot;` can be escaped with `&amp;quot;`, `&amp;ldquo;`, `&amp;#34;`, `&amp;rdquo;`."><![CDATA[line 123, col 45, Error - `&quot;` can be escaped with `&amp;quot;`, `&amp;ldquo;`, `&amp;#34;`, `&amp;rdquo;`. (react/no-unescaped-entities)]]></failure></testcase>
</testsuite>
<testsuite package="org.eslint" time="0" tests="1" errors="1" name="C:\MORE AI STUFF\HydroRIVERS Image Generator\frontend\src\app\docs\page.tsx">
<testcase time="0" name="org.eslint.react/no-unescaped-entities" classname="C:\MORE AI STUFF\HydroRIVERS Image Generator\frontend\src\app\docs\page"><failure message="`&apos;` can be escaped with `&amp;apos;`, `&amp;lsquo;`, `&amp;#39;`, `&amp;rsquo;`."><![CDATA[line 68, col 163, Error - `&apos;` can be escaped with `&amp;apos;`, `&amp;lsquo;`, `&amp;#39;`, `&amp;rsquo;`. (react/no-unescaped-entities)]]></failure></testcase>
</testsuite>
<testsuite package="org.eslint" time="0" tests="1" errors="0" name="C:\MORE AI STUFF\HydroRIVERS Image Generator\frontend\src\app\layout.tsx">
<testcase time="0" name="C:\MORE AI STUFF\HydroRIVERS Image Generator\frontend\src\app\layout.tsx" classname="C:\MORE AI STUFF\HydroRIVERS Image Generator\frontend\src\app\layout" />
</testsuite>
<testsuite package="org.eslint" time="0" tests="1" errors="0" name="C:\MORE AI STUFF\HydroRIVERS Image Generator\frontend\src\app\page.tsx">
<testcase time="0" name="C:\MORE AI STUFF\HydroRIVERS Image Generator\frontend\src\app\page.tsx" classname="C:\MORE AI STUFF\HydroRIVERS Image Generator\frontend\src\app\page" />
</testsuite>
<testsuite package="org.eslint" time="0" tests="1" errors="0" name="C:\MORE AI STUFF\HydroRIVERS Image Generator\frontend\src\app\studio\page.tsx">
<testcase time="0" name="C:\MORE AI STUFF\HydroRIVERS Image Generator\frontend\src\app\studio\page.tsx" classname="C:\MORE AI STUFF\HydroRIVERS Image Generator\frontend\src\app\studio\page" />
</testsuite>
<testsuite package="org.eslint" time="0" tests="1" errors="0" name="C:\MORE AI STUFF\HydroRIVERS Image Generator\frontend\src\components\ColorPicker.tsx">
<testcase time="0" name="C:\MORE AI STUFF\HydroRIVERS Image Generator\frontend\src\components\ColorPicker.tsx" classname="C:\MORE AI STUFF\HydroRIVERS Image Generator\frontend\src\components\ColorPicker" />
</testsuite>
<testsuite package="org.eslint" time="0" tests="1" errors="1" name="C:\MORE AI STUFF\HydroRIVERS Image Generator\frontend\src\components\ColorPickerPopover.tsx">
<testcase time="0" name="org.eslint.react-hooks/set-state-in-effect" classname="C:\MORE AI STUFF\HydroRIVERS Image Generator\frontend\src\components\ColorPickerPopover"><failure message="Error: Calling setState synchronously within an effect can trigger cascading renders&#10;&#10;Effects are intended to synchronize state between React and external systems such as manually updating the DOM, state management libraries, or other platform APIs. In general, the body of an effect should do one or both of the following:&#10;* Update external systems with the latest state from React.&#10;* Subscribe for updates from some external system, calling setState in a callback function when external state changes.&#10;&#10;Calling setState synchronously within an effect body causes cascading renders that can hurt performance, and is not recommended. (https://react.dev/learn/you-might-not-need-an-effect).&#10;&#10;C:\MORE AI STUFF\HydroRIVERS Image Generator\frontend\src\components\ColorPickerPopover.tsx:32:5&#10;  30 |   // Sync internal state when initialColor changes externally&#10;  31 |   useEffect(() =&gt; {&#10;&gt; 32 |     setColor(initialColor);&#10;     |     ^^^^^^^^ Avoid calling setState() directly within an effect&#10;  33 |   }, [initialColor]);&#10;  34 |&#10;  35 |   // Handle positioning"><![CDATA[line 32, col 5, Error - Error: Calling setState synchronously within an effect can trigger cascading renders&#10;&#10;Effects are intended to synchronize state between React and external systems such as manually updating the DOM, state management libraries, or other platform APIs. In general, the body of an effect should do one or both of the following:&#10;* Update external systems with the latest state from React.&#10;* Subscribe for updates from some external system, calling setState in a callback function when external state changes.&#10;&#10;Calling setState synchronously within an effect body causes cascading renders that can hurt performance, and is not recommended. (https://react.dev/learn/you-might-not-need-an-effect).&#10;&#10;C:\MORE AI STUFF\HydroRIVERS Image Generator\frontend\src\components\ColorPickerPopover.tsx:32:5&#10;  30 |   // Sync internal state when initialColor changes externally&#10;  31 |   useEffect(() =&gt; {&#10;&gt; 32 |     setColor(initialColor);&#10;     |     ^^^^^^^^ Avoid calling setState() directly within an effect&#10;  33 |   }, [initialColor]);&#10;  34 |&#10;  35 |   // Handle positioning (react-hooks/set-state-in-effect)]]></failure></testcase>
</testsuite>
<testsuite package="org.eslint" time="0" tests="1" errors="0" name="C:\MORE AI STUFF\HydroRIVERS Image Generator\frontend\src\components\ControlPanel.tsx">
<testcase time="0" name="C:\MORE AI STUFF\HydroRIVERS Image Generator\frontend\src\components\ControlPanel.tsx" classname="C:\MORE AI STUFF\HydroRIVERS Image Generator\frontend\src\components\ControlPanel" />
</testsuite>
<testsuite package="org.eslint" time="0" tests="1" errors="0" name="C:\MORE AI STUFF\HydroRIVERS Image Generator\frontend\src\components\InteractiveCanvas.tsx">
<testcase time="0" name="C:\MORE AI STUFF\HydroRIVERS Image Generator\frontend\src\components\InteractiveCanvas.tsx" classname="C:\MORE AI STUFF\HydroRIVERS Image Generator\frontend\src\components\InteractiveCanvas" />
</testsuite>
<testsuite package="org.eslint" time="0" tests="1" errors="0" name="C:\MORE AI STUFF\HydroRIVERS Image Generator\frontend\src\components\PreviewPane.tsx">
<testcase time="0" name="C:\MORE AI STUFF\HydroRIVERS Image Generator\frontend\src\components\PreviewPane.tsx" classname="C:\MORE AI STUFF\HydroRIVERS Image Generator\frontend\src\components\PreviewPane" />
</testsuite>
<testsuite package="org.eslint" time="0" tests="1" errors="0" name="C:\MORE AI STUFF\HydroRIVERS Image Generator\frontend\src\components\QAChecklist.tsx">
<testcase time="0" name="C:\MORE AI STUFF\HydroRIVERS Image Generator\frontend\src\components\QAChecklist.tsx" classname="C:\MORE AI STUFF\HydroRIVERS Image Generator\frontend\src\components\QAChecklist" />
</testsuite>
<testsuite package="org.eslint" time="0" tests="1" errors="0" name="C:\MORE AI STUFF\HydroRIVERS Image Generator\frontend\src\components\Tooltip.tsx">
<testcase time="0" name="C:\MORE AI STUFF\HydroRIVERS Image Generator\frontend\src\components\Tooltip.tsx" classname="C:\MORE AI STUFF\HydroRIVERS Image Generator\frontend\src\components\Tooltip" />
</testsuite>
<testsuite package="org.eslint" time="0" tests="1" errors="0" name="C:\MORE AI STUFF\HydroRIVERS Image Generator\frontend\src\lib\api.ts">
<testcase time="0" name="C:\MORE AI STUFF\HydroRIVERS Image Generator\frontend\src\lib\api.ts" classname="C:\MORE AI STUFF\HydroRIVERS Image Generator\frontend\src\lib\api" />
</testsuite>
<testsuite package="org.eslint" time="0" tests="1" errors="0" name="C:\MORE AI STUFF\HydroRIVERS Image Generator\frontend\src\lib\features.ts">
<testcase time="0" name="C:\MORE AI STUFF\HydroRIVERS Image Generator\frontend\src\lib\features.ts" classname="C:\MORE AI STUFF\HydroRIVERS Image Generator\frontend\src\lib\features" />
</testsuite>
<testsuite package="org.eslint" time="0" tests="1" errors="0" name="C:\MORE AI STUFF\HydroRIVERS Image Generator\frontend\src\lib\qa.ts">
<testcase time="0" name="C:\MORE AI STUFF\HydroRIVERS Image Generator\frontend\src\lib\qa.ts" classname="C:\MORE AI STUFF\HydroRIVERS Image Generator\frontend\src\lib\qa" />
</testsuite>
<testsuite package="org.eslint" time="0" tests="1" errors="0" name="C:\MORE AI STUFF\HydroRIVERS Image Generator\frontend\src\lib\state_migration.ts">
<testcase time="0" name="C:\MORE AI STUFF\HydroRIVERS Image Generator\frontend\src\lib\state_migration.ts" classname="C:\MORE AI STUFF\HydroRIVERS Image Generator\frontend\src\lib\state_migration" />
</testsuite>
<testsuite package="org.eslint" time="0" tests="1" errors="0" name="C:\MORE AI STUFF\HydroRIVERS Image Generator\frontend\src\utils\supabase\client.ts">
<testcase time="0" name="C:\MORE AI STUFF\HydroRIVERS Image Generator\frontend\src\utils\supabase\client.ts" classname="C:\MORE AI STUFF\HydroRIVERS Image Generator\frontend\src\utils\supabase\client" />
</testsuite>
<testsuite package="org.eslint" time="0" tests="1" errors="1" name="C:\MORE AI STUFF\HydroRIVERS Image Generator\frontend\src\utils\supabase\middleware.ts">
<testcase time="0" name="org.eslint.@typescript-eslint/no-unused-vars" classname="C:\MORE AI STUFF\HydroRIVERS Image Generator\frontend\src\utils\supabase\middleware"><failure message="&apos;options&apos; is defined but never used."><![CDATA[line 24, col 48, Warning - &apos;options&apos; is defined but never used. (@typescript-eslint/no-unused-vars)]]></failure></testcase>
</testsuite>
<testsuite package="org.eslint" time="0" tests="1" errors="0" name="C:\MORE AI STUFF\HydroRIVERS Image Generator\frontend\src\utils\supabase\server.ts">
<testcase time="0" name="C:\MORE AI STUFF\HydroRIVERS Image Generator\frontend\src\utils\supabase\server.ts" classname="C:\MORE AI STUFF\HydroRIVERS Image Generator\frontend\src\utils\supabase\server" />
</testsuite>
</testsuites>
