<?xml version="1.0" encoding="utf-8"?>
<testsuites>
<testsuite package="org.eslint" time="0" tests="1" errors="0" name="C:\MORE AI STUFF\HydroRIVERS Image Generator\frontend\eslint.config.mjs">
<testcase time="0" name="C:\MORE AI STUFF\HydroRIVERS Image Generator\frontend\eslint.config.mjs" classname="C:\MORE AI STUFF\HydroRIVERS Image Generator\frontend\eslint.config" />
</testsuite>
<testsuite package="org.eslint" time="0" tests="1" errors="0" name="C:\MORE AI STUFF\HydroRIVERS Image Generator\frontend\next.config.ts">
<testcase time="0" name="C:\MORE AI STUFF\HydroRIVERS Image Generator\frontend\next.config.ts" classname="C:\MORE AI STUFF\HydroRIVERS Image Generator\frontend\next.config" />
</testsuite>
<testsuite package="org.eslint" time="0" tests="1" errors="0" name="C:\MORE AI STUFF\HydroRIVERS Image Generator\frontend\postcss.config.mjs">
<testcase time="0" name="C:\MORE AI STUFF\HydroRIVERS Image Generator\frontend\postcss.config.mjs" classname="C:\MORE AI STUFF\HydroRIVERS Image Generator\frontend\postcss.config" />
</testsuite>
<testsuite package="org.eslint" time="0" tests="1" errors="0" name="C:\MORE AI STUFF\HydroRIVERS Image Generator\frontend\src\app\about\page.tsx">
<testcase time="0" name="C:\MORE AI STUFF\HydroRIVERS Image Generator\frontend\src\app\about\page.tsx" classname="C:\MORE AI STUFF\HydroRIVERS Image Generator\frontend\src\app\about\page" />
</testsuite>
<testsuite package="org.eslint" time="0" tests="1" errors="0" name="C:\MORE AI STUFF\HydroRIVERS Image Generator\frontend\src\app\docs\page.tsx">
<testcase time="0" name="C:\MORE AI STUFF\HydroRIVERS Image Generator\frontend\src\app\docs\page.tsx" classname="C:\MORE AI STUFF\HydroRIVERS Image Generator\frontend\src\app\docs\page" />
</testsuite>
<testsuite package="org.eslint" time="0" tests="1" errors="0" name="C:\MORE AI STUFF\HydroRIVERS Image Generator\frontend\src\app\drone\page.tsx">
<testcase time="0" name="C:\MORE AI STUFF\HydroRIVERS Image Generator\frontend\src\app\drone\page.tsx" classname="C:\MORE AI STUFF\HydroRIVERS Image Generator\frontend\src\app\drone\page" />
</testsuite>
<testsuite package="org.eslint" time="0" tests="1" errors="0" name="C:\MORE AI STUFF\HydroRIVERS Image Generator\frontend\src\app\layout.tsx">
<testcase time="0" name="C:\MORE AI STUFF\HydroRIVERS Image Generator\frontend\src\app\layout.tsx" classname="C:\MORE AI STUFF\HydroRIVERS Image Generator\frontend\src\app\layout" />
</testsuite>
<testsuite package="org.eslint" time="0" tests="1" errors="0" name="C:\MORE AI STUFF\HydroRIVERS Image Generator\frontend\src\app\page.tsx">
<testcase time="0" name="C:\MORE AI STUFF\HydroRIVERS Image Generator\frontend\src\app\page.tsx" classname="C:\MORE AI STUFF\HydroRIVERS Image Generator\frontend\src\app\page" />
</testsuite>
<testsuite package="org.eslint" time="0" tests="1" errors="0" name="C:\MORE AI STUFF\HydroRIVERS Image Generator\frontend\src\app\studio\page.tsx">
<testcase time="0" name="C:\MORE AI STUFF\HydroRIVERS Image Generator\frontend\src\app\studio\page.tsx" classname="C:\MORE AI STUFF\HydroRIVERS Image Generator\frontend\src\app\studio\page" />
</testsuite>
<testsuite package="org.eslint" time="0" tests="1" errors="0" name="C:\MORE AI STUFF\HydroRIVERS Image Generator\frontend\src\components\ColorPicker.tsx">
<testcase time="0" name="C:\MORE AI STUFF\HydroRIVERS Image Generator\frontend\src\components\ColorPicker.tsx" classname="C:\MORE AI STUFF\HydroRIVERS Image Generator\frontend\src\components\ColorPicker" />
</testsuite>
<testsuite package="org.eslint" time="0" tests="1" errors="0" name="C:\MORE AI STUFF\HydroRIVERS Image Generator\frontend\src\components\ColorPickerPopover.tsx">
<testcase time="0" name="C:\MORE AI STUFF\HydroRIVERS Image Generator\frontend\src\components\ColorPickerPopover.tsx" classname="C:\MORE AI STUFF\HydroRIVERS Image Generator\frontend\src\components\ColorPickerPopover" />
</testsuite>
<testsuite package="org.eslint" time="0" tests="1" errors="0" name="C:\MORE AI STUFF\HydroRIVERS Image Generator\frontend\src\components\ControlPanel.tsx">
<testcase time="0" name="C:\MORE AI STUFF\HydroRIVERS Image Generator\frontend\src\components\ControlPanel.tsx" classname="C:\MORE AI STUFF\HydroRIVERS Image Generator\frontend\src\components\ControlPanel" />
</testsuite>
<testsuite package="org.eslint" time="0" tests="1" errors="0" name="C:\MORE AI STUFF\HydroRIVERS Image Generator\frontend\src\components\InteractiveCanvas.tsx">
<testcase time="0" name="C:\MORE AI STUFF\HydroRIVERS Image Generator\frontend\src\components\InteractiveCanvas.tsx" classname="C:\MORE AI STUFF\HydroRIVERS Image Generator\frontend\src\components\InteractiveCanvas" />
</testsuite>
<testsuite package="org.eslint" time="0" tests="1" errors="0" name="C:\MORE AI STUFF\HydroRIVERS Image Generator\frontend\src\components\PreviewPane.tsx">
<testcase time="0" name="C:\MORE AI STUFF\HydroRIVERS Image Generator\frontend\src\components\PreviewPane.tsx" classname="C:\MORE AI STUFF\HydroRIVERS Image Generator\frontend\src\components\PreviewPane" />
</testsuite>
<testsuite package="org.eslint" time="0" tests="1" errors="0" name="C:\MORE AI STUFF\HydroRIVERS Image Generator\frontend\src\components\QAChecklist.tsx">
<testcase time="0" name="C:\MORE AI STUFF\HydroRIVERS Image Generator\frontend\src\components\QAChecklist.tsx" classname="C:\MORE AI STUFF\HydroRIVERS Image Generator\frontend\src\components\QAChecklist" />
</testsuite>
<testsuite package="org.eslint" time="0" tests="1" errors="0" name="C:\MORE AI STUFF\HydroRIVERS Image Generator\frontend\src\components\Tooltip.tsx">
<testcase time="0" name="C:\MORE AI STUFF\HydroRIVERS Image Generator\frontend\src\components\Tooltip.tsx" classname="C:\MORE AI STUFF\HydroRIVERS Image Generator\frontend\src\components\Tooltip" />
</testsuite>
<testsuite package="org.eslint" time="0" tests="1" errors="0" name="C:\MORE AI STUFF\HydroRIVERS Image Generator\frontend\src\components\drone\ControlRail.tsx">
<testcase time="0" name="C:\MORE AI STUFF\HydroRIVERS Image Generator\frontend\src\components\drone\ControlRail.tsx" classname="C:\MORE AI STUFF\HydroRIVERS Image Generator\frontend\src\components\drone\ControlRail" />
</testsuite>
<testsuite package="org.eslint" time="0" tests="1" errors="0" name="C:\MORE AI STUFF\HydroRIVERS Image Generator\frontend\src\components\drone\MapView.tsx">
<testcase time="0" name="C:\MORE AI STUFF\HydroRIVERS Image Generator\frontend\src\components\drone\MapView.tsx" classname="C:\MORE AI STUFF\HydroRIVERS Image Generator\frontend\src\components\drone\MapView" />
</testsuite>
<testsuite package="org.eslint" time="0" tests="1" errors="0" name="C:\MORE AI STUFF\HydroRIVERS Image Generator\frontend\src\components\drone\ReportDrawer.tsx">
<testcase time="0" name="C:\MORE AI STUFF\HydroRIVERS Image Generator\frontend\src\components\drone\ReportDrawer.tsx" classname="C:\MORE AI STUFF\HydroRIVERS Image Generator\frontend\src\components\drone\ReportDrawer" />
</testsuite>
<testsuite package="org.eslint" time="0" tests="1" errors="0" name="C:\MORE AI STUFF\HydroRIVERS Image Generator\frontend\src\lib\api.ts">
<testcase time="0" name="C:\MORE AI STUFF\HydroRIVERS Image Generator\frontend\src\lib\api.ts" classname="C:\MORE AI STUFF\HydroRIVERS Image Generator\frontend\src\lib\api" />
</testsuite>
<testsuite package="org.eslint" time="0" tests="1" errors="0" name="C:\MORE AI STUFF\HydroRIVERS Image Generator\frontend\src\lib\droneApi.ts">
<testcase time="0" name="C:\MORE AI STUFF\HydroRIVERS Image Generator\frontend\src\lib\droneApi.ts" classname="C:\MORE AI STUFF\HydroRIVERS Image Generator\frontend\src\lib\droneApi" />
</testsuite>
<testsuite package="org.eslint" time="0" tests="1" errors="0" name="C:\MORE AI STUFF\HydroRIVERS Image Generator\frontend\src\lib\features.ts">
<testcase time="0" name="C:\MORE AI STUFF\HydroRIVERS Image Generator\frontend\src\lib\features.ts" classname="C:\MORE AI STUFF\HydroRIVERS Image Generator\frontend\src\lib\features" />
</testsuite>
<testsuite package="org.eslint" time="0" tests="1" errors="0" name="C:\MORE AI STUFF\HydroRIVERS Image Generator\frontend\src\lib\qa.ts">
<testcase time="0" name="C:\MORE AI STUFF\HydroRIVERS Image Generator\frontend\src\lib\qa.ts" classname="C:\MORE AI STUFF\HydroRIVERS Image Generator\frontend\src\lib\qa" />
</testsuite>
<testsuite package="org.eslint" time="0" tests="1" errors="0" name="C:\MORE AI STUFF\HydroRIVERS Image Generator\frontend\src\lib\settings.ts">
<testcase time="0" name="C:\MORE AI STUFF\HydroRIVERS Image Generator\frontend\src\lib\settings.ts" classname="C:\MORE AI STUFF\HydroRIVERS Image Generator\frontend\src\lib\settings" />
</testsuite>
<testsuite package="org.eslint" time="0" tests="1" errors="0" name="C:\MORE AI STUFF\HydroRIVERS Image Generator\frontend\src\lib\state_migration.ts">
<testcase time="0" name="C:\MORE AI STUFF\HydroRIVERS Image Generator\frontend\src\lib\state_migration.ts" classname="C:\MORE AI STUFF\HydroRIVERS Image Generator\frontend\src\lib\state_migration" />
</testsuite>
<testsuite package="org.eslint" time="0" tests="1" errors="0" name="C:\MORE AI STUFF\HydroRIVERS Image Generator\frontend\src\utils\supabase\client.ts">
<testcase time="0" name="C:\MORE AI STUFF\HydroRIVERS Image Generator\frontend\src\utils\supabase\client.ts" classname="C:\MORE AI STUFF\HydroRIVERS Image Generator\frontend\src\utils\supabase\client" />
</testsuite>
<testsuite package="org.eslint" time="0" tests="1" errors="0" name="C:\MORE AI STUFF\HydroRIVERS Image Generator\frontend\src\utils\supabase\middleware.ts">
<testcase time="0" name="C:\MORE AI STUFF\HydroRIVERS Image Generator\frontend\src\utils\supabase\middleware.ts" classname="C:\MORE AI STUFF\HydroRIVERS Image Generator\frontend\src\utils\supabase\middleware" />
</testsuite>
<testsuite package="org.eslint" time="0" tests="1" errors="0" name="C:\MORE AI STUFF\HydroRIVERS Image Generator\frontend\src\utils\supabase\server.ts">
<testcase time="0" name="C:\MORE AI STUFF\HydroRIVERS Image Generator\frontend\src\utils\supabase\server.ts" classname="C:\MORE AI STUFF\HydroRIVERS Image Generator\frontend\src\utils\supabase\server" />
</testsuite>
</testsuites>
